Query: SELECT * FROM tours WHERE 1=1 AND destination = ? AND tour_type = ? AND departure_date = ? AND guests >= ?
Params: ["Nha Trang","Ngh\u1ec7 d\u01b0\u1ee1ng","2025-06-01",10]
Result: []

Query: SELECT * FROM tours WHERE 1=1 AND destination = ? AND tour_type = ? AND departure_date = ? AND guests >= ?
Params: ["Nha Trang","Ngh\u1ec7 d\u01b0\u1ee1ng","2025-06-01",10]
Result: []

Query: SELECT * FROM tours WHERE 1=1 AND destination = ? AND tour_type = ? AND departure_date = ? AND guests >= ?
Params: ["Nha Trang","Ngh\u1ec7 d\u01b0\u1ee1ng","2025-06-01",10]
Result: []

Query: SELECT * FROM tours WHERE 1=1 AND destination = ? AND tour_type = ? AND departure_date = ? AND guests >= ?
Params: ["Nha Trang","Ngh\u1ec7 d\u01b0\u1ee1ng","2025-06-01",10]
Result: []

Query: SELECT * FROM tours WHERE 1=1 AND destination = ? AND tour_type = ? AND departure_date = ? AND guests >= ?
Params: ["Nha Trang","Ngh\u1ec7 d\u01b0\u1ee1ng","2025-06-01",10]
Result: []

Query: SELECT * FROM tours WHERE 1=1 AND destination = ? AND tour_type = ? AND departure_date = ? AND guests >= ?
Params: ["Nha Trang","Ngh\u1ec7 d\u01b0\u1ee1ng","2025-06-01",10]
Result: []

Query: SELECT * FROM tours WHERE 1=1 AND destination = ? AND tour_type = ? AND departure_date = ? AND guests >= ?
Params: ["Nha Trang","Ngh\u1ec7 d\u01b0\u1ee1ng","2025-06-01",10]
Result: []

Query: SELECT * FROM tours WHERE 1=1 AND destination = ? AND tour_type = ? AND departure_date = ? AND guests >= ?
Params: ["Nha Trang","Nghệ dưỡng","2025-06-01",10]
Result: []

Query: SELECT * FROM tours WHERE 1=1 AND destination = ? AND tour_type = ? AND departure_date = ? AND guests >= ?
Params: ["Nha Trang","Nghệ dưỡng","2025-06-01",10]
Result: []

Query: SELECT * FROM tours WHERE 1=1 AND destination = ? AND tour_type = ? AND departure_date = ? AND guests >= ?
Params: ["Nha Trang","Nghệ dưỡng","2025-06-01",10]
Result: []

Query: SELECT * FROM tours WHERE 1=1 AND destination = ? AND tour_type = ? AND guests >= ?
Params: ["Nha Trang","DuLichBien",10]
Result: []

Query: SELECT * FROM tours WHERE 1=1 AND destination = ? AND tour_type = ? AND guests >= ?
Params: ["Nha Trang","DuLichBien",10]
Result: []

Raw Params: destination='Nha Trang', tourType='Nghệ dưỡng', departureDate='01/06/2025', guests='10'
Normalized Params: destination='Nha Trang', tourType='Nghệ dưỡng', departureDate='2025-06-01', guests='10'
SQL Query: SELECT * FROM tours WHERE 1=1 AND destination = ? AND tour_type = ? AND departure_date = ? AND guests >= ?
Param Types: sssi
Params Array: ["Nha Trang","Nghệ dưỡng","2025-06-01",10]
Bind successful
Result: []

Raw Params: destination='Nha Trang', tourType='Nghệ dưỡng', departureDate='01/06/2025', guests='10'
Normalized Params: destination='Nha Trang', tourType='Nghệ dưỡng', departureDate='2025-06-01', guests='10'
SQL Query: SELECT * FROM tours WHERE 1=1 AND BINARY destination = ? AND BINARY tour_type = ? AND departure_date = ? AND guests >= ?
Param Types: sssi
Params Array: ["Nha Trang","Nghệ dưỡng","2025-06-01",10]
Bind successful
Result: []

Raw Params: destination='Nha Trang', tourType='Nghệ dưỡng', departureDate='01/06/2025', guests='10'
Normalized Params: destination='Nha Trang', tourType='Nghệ dưỡng', departureDate='2025-06-01', guests='10'
SQL Query: SELECT * FROM tours WHERE 1=1 AND destination = ? AND tour_type = ? AND departure_date = ? AND guests >= ?
Param Types: sssi
Params Array: ["Nha Trang","Nghệ dưỡng","2025-06-01",10]
Bind successful
Result: []

Raw Params: destination='Nha Trang', tourType='Nghệ dưỡng', departureDate='01/06/2025', guests='10'
Normalized Params: destination='Nha Trang', tourType='Nghệ dưỡng', departureDate='2025-06-01', guests='10'
SQL Query: SELECT * FROM tours WHERE 1=1 AND destination = ? AND tour_type = ? AND departure_date = ? AND guests >= ?
Param Types: sssi
Params Array: ["Nha Trang","Nghệ dưỡng","2025-06-01",10]
Bind successful
Result: []

Script reached table check
Raw Params: destination='Nha Trang', tourType='Nghệ dưỡng', departureDate='01/06/2025', guests='10'
Normalized Params: destination='Nha Trang', tourType='Nghệ dưỡng', departureDate='2025-06-01', guests='10'
SQL Query: SELECT * FROM tours WHERE 1=1 AND destination = ? AND tour_type = ? AND departure_date = ? AND guests >= ?
Param Types: sssi
Params Array: ["Nha Trang","Nghệ dưỡng","2025-06-01",10]
Prepare successful
Bind successful
Execute successful
Result: []

Script reached table check
Raw Params: destination='Nha Trang', tourType='Nghệ dưỡng', departureDate='01/06/2025', guests='10'
Normalized Params: destination='Nha Trang', tourType='Nghệ dưỡng', departureDate='2025-06-01', guests='10'
SQL Query: SELECT * FROM tours WHERE 1=1 AND destination = ? AND tour_type = ? AND departure_date = ? AND guests >= ?
Param Types: sssi
Params Array: ["Nha Trang","Nghệ dưỡng","2025-06-01",10]
Prepare successful
Bind successful
Execute successful
Result: []

Script reached table check
Raw Params: destination='Nha Trang', tourType='Nghệ dưỡng', departureDate='01/06/2025', guests='10'
Normalized Params: destination='Nha Trang', tourType='Nghệ dưỡng', departureDate='2025-06-01', guests='10'
SQL Query: SELECT * FROM tours WHERE 1=1 AND destination = ? AND tour_type = ? AND departure_date = ? AND guests >= ?
Param Types: sssi
Params Array: ["Nha Trang","Nghệ dưỡng","2025-06-01",10]
Prepare successful
Bind successful
Execute successful
Result: []

Script reached table check
Raw Params: destination='Nha Trang', tourType='Nghệ dưỡng', departureDate='01/06/2025', guests='10'
Normalized Params: destination='Nha Trang', tourType='Nghệ dưỡng', departureDate='2025-06-01', guests='10'
SQL Query: SELECT * FROM tours WHERE 1=1 AND destination = ? AND tour_type = ? AND departure_date = ? AND guests >= ?
Param Types: sssi
Params Array: ["Nha Trang","Nghệ dưỡng","2025-06-01",10]
Prepare successful
Bind successful
Execute successful
Result: []

Script reached table check
Raw Params: destination='Nha Trang', tourType='Nghệ dưỡng', departureDate='01/06/2025', guests='10'
Normalized Params: destination='Nha Trang', tourType='Nghệ dưỡng', departureDate='2025-06-01', guests='10'
SQL Query: SELECT * FROM tours WHERE 1=1 AND destination = ? AND tour_type = ? AND departure_date = ? AND guests >= ?
Param Types: sssi
Params Array: ["Nha Trang","Nghệ dưỡng","2025-06-01",10]
Prepare successful
Bind successful
Execute successful
Result: []

Script reached table check
Raw Params: destination='Nha Trang', tourType='Nghệ dưỡng', departureDate='01/06/2025', guests='10'
Normalized Params: destination='Nha Trang', tourType='Nghệ dưỡng', departureDate='2025-06-01', guests='10'
SQL Query: SELECT * FROM tours WHERE 1=1 AND destination = ? AND tour_type = ? AND departure_date = ? AND guests >= ?
Param Types: sssi
Params Array: ["Nha Trang","Nghệ dưỡng","2025-06-01",10]
Prepare successful
Bind successful
Execute successful
Result: []

Script reached table check
Raw Params: destination='Nha Trang', tourType='Nghệ dưỡng', departureDate='01/06/2025', guests='10'
Normalized Params: destination='Nha Trang', tourType='Nghệ dưỡng', departureDate='2025-06-01', guests='10'
SQL Query: SELECT * FROM tours WHERE 1=1 AND destination = ? AND tour_type = ? AND departure_date = ? AND guests >= ?
Param Types: sssi
Params Array: ["Nha Trang","Nghệ dưỡng","2025-06-01",10]
Prepare successful
Bind successful
Execute successful
Result: []

Script reached table check
Raw Params: destination='Nha Trang', tourType='Nghệ dưỡng', departureDate='01/06/2025', guests='10'
Normalized Params: destination='Nha Trang', tourType='Nghệ dưỡng', departureDate='2025-06-01', guests='10'
SQL Query: SELECT * FROM tours WHERE 1=1 AND destination = ? AND tour_type = ? AND departure_date = ? AND guests >= ?
Param Types: sssi
Params Array: ["Nha Trang","Nghệ dưỡng","2025-06-01",10]
Prepare successful
Bind successful
Execute successful
Result: []

Script reached table check
Raw Params: destination='Nha Trang', tourType='Nghệ dưỡng', departureDate='01/06/2025', guests='10'
Normalized Params: destination='Nha Trang', tourType='Nghệ dưỡng', departureDate='2025-06-01', guests='10'
SQL Query: SELECT * FROM tours WHERE 1=1 AND destination LIKE ? AND tour_type LIKE ? AND departure_date = ? AND guests >= ?
Param Types: sssi
Params Array: ["%Nha Trang%","%Nghệ dưỡng%","2025-06-01",10]
Prepare successful
Bind successful
Execute successful
Result: []

Script reached table check
Raw Params: destination='Nha Trang', tourType='Nghệ dưỡng', departureDate='01/06/2025', guests='10'
Normalized Params: destination='Nha Trang', tourType='Nghỉ dưỡng', departureDate='2025-06-01', guests='10'
SQL Query: SELECT * FROM tours WHERE 1=1 AND destination LIKE ? AND tour_type LIKE ? AND DATE(departure_date) = ?
Param Types: sss
Params Array: ["%Nha Trang%","%Nghỉ dưỡng%","2025-06-01"]
Prepare successful
Bind successful
Execute successful
Result: [{"id":1,"title":"Vịnh Ninh Vân","destination":"Nha Trang","tour_type":"Nghỉ dưỡng","departure_date":"2025-06-01","guests":10,"price":"6990000.00","image":"..\/booking_tour\/assets\/image\/five_1.jpg","description":"Khám phá vẻ đẹp hoang sơ của Vịnh Ninh Vân với biển xanh và cát trắng.","created_at":"2025-05-03 22:00:33"}]

Script reached table check
Raw Params: destination='Nha Trang', tourType='Nghệ dưỡng', departureDate='01/06/2025', guests='10'
Normalized Params: destination='Nha Trang', tourType='Nghỉ dưỡng', departureDate='2025-06-01', guests='10'
SQL Query: SELECT * FROM tours WHERE 1=1 AND destination LIKE ? AND tour_type LIKE ? AND DATE(departure_date) = ?
Param Types: sss
Params Array: ["%Nha Trang%","%Nghỉ dưỡng%","2025-06-01"]
Prepare successful
Bind successful
Execute successful
Result: [{"id":1,"title":"Vịnh Ninh Vân","destination":"Nha Trang","tour_type":"Nghỉ dưỡng","departure_date":"2025-06-01","guests":10,"price":"6990000.00","image":"..\/booking_tour\/assets\/image\/five_1.jpg","description":"Khám phá vẻ đẹp hoang sơ của Vịnh Ninh Vân với biển xanh và cát trắng.","created_at":"2025-05-03 22:00:33"}]

Script reached table check
Raw Params: destination='Nha Trang', tourType='Nghệ dưỡng', departureDate='01/06/2025', guests='10'
Normalized Params: destination='Nha Trang', tourType='Nghỉ dưỡng', departureDate='2025-06-01', guests='10'
SQL Query: SELECT * FROM tours WHERE 1=1 AND destination LIKE ? AND tour_type LIKE ? AND DATE(departure_date) = ?
Param Types: sss
Params Array: ["%Nha Trang%","%Nghỉ dưỡng%","2025-06-01"]
Prepare successful
Bind successful
Execute successful
Result: [{"id":1,"title":"Vịnh Ninh Vân","destination":"Nha Trang","tour_type":"Nghỉ dưỡng","departure_date":"2025-06-01","guests":10,"price":"6990000.00","image":"..\/booking_tour\/assets\/image\/five_1.jpg","description":"Khám phá vẻ đẹp hoang sơ của Vịnh Ninh Vân với biển xanh và cát trắng.","created_at":"2025-05-03 22:00:33"}]

Script reached table check
Raw Params: destination='Nha Trang', tourType='Nghệ dưỡng', departureDate='01/06/2025', guests='10'
Normalized Params: destination='Nha Trang', tourType='Nghỉ dưỡng', departureDate='2025-06-01', guests='10'
SQL Query: SELECT * FROM tours WHERE 1=1 AND destination LIKE ? AND tour_type LIKE ? AND DATE(departure_date) = ?
Param Types: sss
Params Array: ["%Nha Trang%","%Nghỉ dưỡng%","2025-06-01"]
Prepare successful
Bind successful
Execute successful
Result: [{"id":1,"title":"Vịnh Ninh Vân","destination":"Nha Trang","tour_type":"Nghỉ dưỡng","departure_date":"2025-06-01","guests":10,"price":"6990000.00","image":"..\/booking_tour\/assets\/image\/five_1.jpg","description":"Khám phá vẻ đẹp hoang sơ của Vịnh Ninh Vân với biển xanh và cát trắng.","created_at":"2025-05-03 22:00:33"}]

Script reached table check
Raw Params: destination='Nha Trang', tourType='Nghệ dưỡng', departureDate='01/06/2025', guests='10'
Normalized Params: destination='Nha Trang', tourType='Nghỉ dưỡng', departureDate='2025-06-01', guests='10'
SQL Query: SELECT * FROM tours WHERE 1=1 AND destination LIKE ? AND tour_type LIKE ? AND DATE(departure_date) = ?
Param Types: sss
Params Array: ["%Nha Trang%","%Nghỉ dưỡng%","2025-06-01"]
Prepare successful
Bind successful
Execute successful
Result: [{"id":1,"title":"Vịnh Ninh Vân","destination":"Nha Trang","tour_type":"Nghỉ dưỡng","departure_date":"2025-06-01","guests":10,"price":"6990000.00","image":"..\/booking_tour\/assets\/image\/five_1.jpg","description":"Khám phá vẻ đẹp hoang sơ của Vịnh Ninh Vân với biển xanh và cát trắng.","created_at":"2025-05-03 22:00:33"}]

Script reached table check
Raw Params: destination='Nha Trang', tourType='Nghệ dưỡng', departureDate='01/06/2025', guests='10'
Normalized Params: destination='Nha Trang', tourType='Nghỉ dưỡng', departureDate='2025-06-01', guests='10'
SQL Query: SELECT * FROM tours WHERE 1=1 AND destination LIKE ? AND tour_type LIKE ? AND DATE(departure_date) = ?
Param Types: sss
Script reached table check
","%Nghỉ dưỡng%","2025-06-01"]
Raw Params: destination='Nha Trang', tourType='Nghệ dưỡng', departureDate='01/06/2025', guests='10'
Normalized Params: destination='Nha Trang', tourType='Nghỉ dưỡng', departureDate='2025-06-01', guests='10'
Normalized Params: destination='Nha Trang', tourType='Nghỉ dưỡng', departureDate='2025-06-01', guests='10'
Prepare successful
SQL Query: SELECT * FROM tours WHERE 1=1 AND destination LIKE ? AND tour_type LIKE ? AND DATE(departure_date) = ?
Bind successful
Param Types: sss
Param Types: sss
Params Array: ["%Nha Trang%","%Nghỉ dưỡng%","2025-06-01"]
Params Array: ["%Nha Trang%","%Nghỉ dưỡng%","2025-06-01"]
Execute successful
Prepare successful
Result: [{"id":1,"title":"Vịnh Ninh Vân","destination":"Nha Trang","tour_type":"Nghỉ dưỡng","departure_date":"2025-06-01","guests":10,"price":"6990000.00","image":"..\/booking_tour\/assets\/image\/five_1.jpg","description":"Khám phá vẻ đẹp hoang sơ của Vịnh Ninh Vân với biển xanh và cát trắng.","created_at":"2025-05-03 22:00:33"}]

Bind successful
Bind successful
Execute successful
Execute successful
Result: [{"id":1,"title":"Vịnh Ninh Vân","destination":"Nha Trang","tour_type":"Nghỉ dưỡng","departure_date":"2025-06-01","guests":10,"price":"6990000.00","image":"..\/booking_tour\/assets\/image\/five_1.jpg","description":"Khám phá vẻ đẹp hoang sơ của Vịnh Ninh Vân với biển xanh và cát trắng.","created_at":"2025-05-03 22:00:33"}]

Result: [{"id":1,"title":"Vịnh Ninh Vân","destination":"Nha Trang","tour_type":"Nghỉ dưỡng","departure_date":"2025-06-01","guests":10,"price":"6990000.00","image":"..\/booking_tour\/assets\/image\/five_1.jpg","description":"Khám phá vẻ đẹp hoang sơ của Vịnh Ninh Vân với biển xanh và cát trắng.","created_at":"2025-05-03 22:00:33"}]

Script reached table check
Raw Params: destination='Nha Trang', tourType='DuLichBien', departureDate='2025-06-01', guests='10'
Normalized Params: destination='Nha Trang', tourType='DuLichBien', departureDate='', guests='10'
SQL Query: SELECT * FROM tours WHERE 1=1 AND destination LIKE ? AND tour_type LIKE ?
Param Types: ss
Params Array: ["%Nha Trang%","%DuLichBien%"]
Prepare successful
Bind successful
Execute successful
Result: []

Script reached table check
Raw Params: destination='Nha Trang', tourType='Nghỉ dưỡng', departureDate='2025-06-01', guests='10'
Normalized Params: destination='Nha Trang', tourType='Nghỉ dưỡng', departureDate='', guests='10'
SQL Query: SELECT * FROM tours WHERE 1=1 AND destination LIKE ? AND tour_type LIKE ?
Param Types: ss
Params Array: ["%Nha Trang%","%Nghỉ dưỡng%"]
Prepare successful
Bind successful
Execute successful
Result: [{"id":1,"title":"Vịnh Ninh Vân","destination":"Nha Trang","tour_type":"Nghỉ dưỡng","departure_date":"2025-06-01","guests":10,"price":"6990000.00","image":"..\/booking_tour\/assets\/image\/five_1.jpg","description":"Khám phá vẻ đẹp hoang sơ của Vịnh Ninh Vân với biển xanh và cát trắng.","created_at":"2025-05-03 22:00:33"}]

Script reached table check
Raw Params: destination='Nha Trang', tourType='Nghỉ dưỡng', departureDate='2025-05-08', guests='10'
Normalized Params: destination='Nha Trang', tourType='Nghỉ dưỡng', departureDate='', guests='10'
SQL Query: SELECT * FROM tours WHERE 1=1 AND destination LIKE ? AND tour_type LIKE ?
Param Types: ss
Params Array: ["%Nha Trang%","%Nghỉ dưỡng%"]
Prepare successful
Bind successful
Execute successful
Result: [{"id":1,"title":"Vịnh Ninh Vân","destination":"Nha Trang","tour_type":"Nghỉ dưỡng","departure_date":"2025-06-01","guests":10,"price":"6990000.00","image":"..\/booking_tour\/assets\/image\/five_1.jpg","description":"Khám phá vẻ đẹp hoang sơ của Vịnh Ninh Vân với biển xanh và cát trắng.","created_at":"2025-05-03 22:00:33"}]

Script started
Script started
Database connected successfully
Raw Params: destination='Nha Trang', tourType='Nghỉ dưỡng', departureDate='01/06/2025', guests='10'
Normalized Params: destination='Nha Trang', tourType='Nghỉ dưỡng', departureDate='2025-06-01', guests='10'
Query Result: [{"id":1,"title":"Vịnh Ninh Vân","destination":"Nha Trang","tour_type":"Nghỉ dưỡng","departure_date":"2025-06-01","guests":10,"price":"6990000.00","image":"..\/booking_tour\/assets\/image\/five_1.jpg","description":"Khám phá vẻ đẹp hoang sơ của Vịnh Ninh Vân với biển xanh và cát trắng.","created_at":"2025-05-03 22:00:33"}]

Script started
Database connected successfully
Raw Params: destination='Nha Trang', tourType='Nghỉ dưỡng', departureDate='01/06/2025', guests='10'
Normalized Params: destination='Nha Trang', tourType='Nghỉ dưỡng', departureDate='2025-06-01', guests='10'
Query Result: [{"id":1,"title":"Vịnh Ninh Vân","destination":"Nha Trang","tour_type":"Nghỉ dưỡng","departure_date":"2025-06-01","guests":10,"price":"6990000.00","image":"..\/booking_tour\/assets\/image\/five_1.jpg","description":"Khám phá vẻ đẹp hoang sơ của Vịnh Ninh Vân với biển xanh và cát trắng.","created_at":"2025-05-03 22:00:33"}]

Script started
Database connected successfully
Raw Params: destination='Nha Trang', tourType='Nghỉ dưỡng', departureDate='01/06/2025', guests='10'
Normalized Params: destination='Nha Trang', tourType='Nghỉ dưỡng', departureDate='2025-06-01', guests='10'
Query Result: [{"id":1,"title":"Vịnh Ninh Vân","destination":"Nha Trang","tour_type":"Nghỉ dưỡng","departure_date":"2025-06-01","guests":10,"price":"6990000.00","image":"..\/booking_tour\/assets\/image\/five_1.jpg","description":"Khám phá vẻ đẹp hoang sơ của Vịnh Ninh Vân với biển xanh và cát trắng.","created_at":"2025-05-03 22:00:33"}]

