Script started
Database connected successfully
Raw Params: destination='Nha Trang', tourType='Nghỉ dưỡng', departureDate='01/06/2025', guests='10'
Normalized Params: destination='Nha Trang', tourType='Nghỉ dưỡng', departureDate='2025-06-01', guests='10'
Query Result: [{"id":1,"title":"Vịnh Ninh Vân","destination":"Nha Trang","tour_type":"Nghỉ dưỡng","departure_date":"2025-06-01","guests":10,"price":"6990000.00","image":"booking_tour\/assets\/image\/five_1.jpg","description":"Khám phá vẻ đẹp hoang sơ của Vịnh Ninh Vân với biển xanh và cát trắng.","created_at":"2025-05-03 22:00:33"}]

Script started
Database connected successfully
Raw Params: destination='Nha Trang', tourType='Nghỉ dưỡng', departureDate='01/06/2025', guests='10'
Normalized Params: destination='Nha Trang', tourType='Nghỉ dưỡng', departureDate='2025-06-01', guests='10'
Query Result: [{"id":1,"title":"Vịnh Ninh Vân","destination":"Nha Trang","tour_type":"Nghỉ dưỡng","departure_date":"2025-06-01","guests":10,"price":"6990000.00","image":"booking_tour\/assets\/image\/five_1.jpg","description":"Khám phá vẻ đẹp hoang sơ của Vịnh Ninh Vân với biển xanh và cát trắng.","created_at":"2025-05-03 22:00:33"}]

Script started
Database connected successfully
Raw Params: destination='Nha Trang', tourType='Nghỉ dưỡng', departureDate='01/06/2025', guests='10'
Query Result: [{"id":1,"title":"Vịnh Ninh Vân","destination":"Nha Trang","tour_type":"Nghỉ dưỡng","departure_date":"2025-06-01","guests":10,"price":"6990000.00","image":"booking_tour\/assets\/image\/five_1.jpg","description":"Khám phá vẻ đẹp hoang sơ của Vịnh Ninh Vân với biển xanh và cát trắng.","created_at":"2025-05-03 22:00:33"}]

Script started
Database connected successfully
Raw Params: destination='Nha Trang', tourType='Nghỉ dưỡng', departureDate='01/06/2025', guests='10'
Query Result: [{"id":1,"title":"Vịnh Ninh Vân","destination":"Nha Trang","tour_type":"Nghỉ dưỡng","departure_date":"2025-06-01","guests":10,"price":"6990000.00","image":"booking_tour\/assets\/image\/five_1.jpg","description":"Khám phá vẻ đẹp hoang sơ của Vịnh Ninh Vân với biển xanh và cát trắng.","created_at":"2025-05-03 22:00:33"}]

Script started
Database connected successfully
Raw Params: destination='Nha Trang', tourType='Nghỉ dưỡng', departureDate='01/06/2025', guests='10'
Query Result: [{"id":1,"title":"Vịnh Ninh Vân","destination":"Nha Trang","tour_type":"Nghỉ dưỡng","departure_date":"2025-06-01","guests":10,"price":"6990000.00","image":"booking_tour\/assets\/image\/five_1.jpg","description":"Khám phá vẻ đẹp hoang sơ của Vịnh Ninh Vân với biển xanh và cát trắng.","created_at":"2025-05-03 22:00:33"}]

Script started
Database connected successfully
Raw Params: destination='Nha Trang', tourType='Nghỉ dưỡng', departureDate='01/06/2025', guests='10'
Query Result: [{"id":1,"title":"Vịnh Ninh Vân","destination":"Nha Trang","tour_type":"Nghỉ dưỡng","departure_date":"2025-06-01","guests":10,"price":"6990000.00","image":"booking_tour\/assets\/image\/five_1.jpg","description":"Khám phá vẻ đẹp hoang sơ của Vịnh Ninh Vân với biển xanh và cát trắng.","created_at":"2025-05-03 22:00:33"}]

Script started
Database connected successfully
Raw Params: destination='Nha Trang', tourType='Nghỉ dưỡng', departureDate='01/06/2025', guests='10'
Query Result: [{"id":1,"title":"Vịnh Ninh Vân","destination":"Nha Trang","tour_type":"Nghỉ dưỡng","departure_date":"2025-06-01","guests":10,"price":"6990000.00","image":"booking_tour\/assets\/image\/five_1.jpg","description":"Khám phá vẻ đẹp hoang sơ của Vịnh Ninh Vân với biển xanh và cát trắng.","created_at":"2025-05-03 22:00:33"}]

Script started
Database connected successfully
Received Params: destination='Nha Trang', tourType='Nghỉ dưỡng', departureDate='01/06/2025', guests='10'
Normalized Date: '2025-06-01'
SQL: SELECT id, title, destination, tour_type, departure_date, guests, price, image, description, created_at FROM tours WHERE destination = ? AND tour_type = ? AND DATE(departure_date) = ? AND guests <= ?
Params: ["Nha Trang","Ngh\u1ec9 d\u01b0\u1ee1ng","2025-06-01",10]
Types: sssi
Query Result: [{"id":1,"title":"Vịnh Ninh Vân","destination":"Nha Trang","tour_type":"Nghỉ dưỡng","departure_date":"2025-06-01","guests":10,"price":"6990000.00","image":"booking_tour\/assets\/image\/five_1.jpg","description":"Khám phá vẻ đẹp hoang sơ của Vịnh Ninh Vân với biển xanh và cát trắng.","created_at":"2025-05-03 22:00:33"}]

Script started
Database connected successfully
Received Params: destination='Nha Trang', tourType='Nghỉ dưỡng', departureDate='01/06/2025', guests='10'
Normalized Date: '2025-06-01'
SQL: SELECT id, title, destination, tour_type, departure_date, guests, price, image, description, created_at FROM tours WHERE destination = ? AND tour_type = ? AND DATE(departure_date) = ? AND guests <= ?
Params: ["Nha Trang","Ngh\u1ec9 d\u01b0\u1ee1ng","2025-06-01",10]
Types: sssi
Query Result: [{"id":1,"title":"Vịnh Ninh Vân","destination":"Nha Trang","tour_type":"Nghỉ dưỡng","departure_date":"2025-06-01","guests":10,"price":"6990000.00","image":"booking_tour\/assets\/image\/five_1.jpg","description":"Khám phá vẻ đẹp hoang sơ của Vịnh Ninh Vân với biển xanh và cát trắng.","created_at":"2025-05-03 22:00:33"}]

Script started
Database connected successfully
Received Params: destination='Nha Trang', tourType='Nghỉ dưỡng', departureDate='01/06/2025', guests='10'
Normalized Date: '2025-06-01'
SQL: SELECT id, title, destination, tour_type, departure_date, guests, price, image, description, created_at FROM tours WHERE destination = ? AND tour_type = ? AND DATE(departure_date) = ? AND guests <= ?
Params: ["Nha Trang","Ngh\u1ec9 d\u01b0\u1ee1ng","2025-06-01",10]
Types: sssi
Query Result: [{"id":1,"title":"Vịnh Ninh Vân","destination":"Nha Trang","tour_type":"Nghỉ dưỡng","departure_date":"2025-06-01","guests":10,"price":"6990000.00","image":"booking_tour\/assets\/image\/five_1.jpg","description":"Khám phá vẻ đẹp hoang sơ của Vịnh Ninh Vân với biển xanh và cát trắng.","created_at":"2025-05-03 22:00:33"}]

Script started
Database connected successfully
Received Params: destination='Nha Trang', tourType='Nghỉ dưỡng', departureDate='01/06/2025', guests='10'
Normalized Date: '2025-06-01'
SQL: SELECT id, title, destination, tour_type, departure_date, guests, price, image, description, created_at FROM tours WHERE destination = ? AND tour_type = ? AND DATE(departure_date) = ? AND guests <= ?
Params: ["Nha Trang","Ngh\u1ec9 d\u01b0\u1ee1ng","2025-06-01",10]
Types: sssi
Query Result: [{"id":1,"title":"Vịnh Ninh Vân","destination":"Nha Trang","tour_type":"Nghỉ dưỡng","departure_date":"2025-06-01","guests":10,"price":"6990000.00","image":"booking_tour\/assets\/image\/five_1.jpg","description":"Khám phá vẻ đẹp hoang sơ của Vịnh Ninh Vân với biển xanh và cát trắng.","created_at":"2025-05-03 22:00:33"}]

Script started at 2025-05-05 00:19:21
Database connected successfully
Raw Params: destination='Nha Trang', tourType='Nghỉ dưỡng', departureDate='2025-06-01', guests='10'
Normalized Params: destination='Nha Trang', tourType='Nghỉ dưỡng', departureDate='2025-06-01', guests='10'
Query Result: [{"id":1,"title":"Vịnh Ninh Vân","destination":"Nha Trang","tour_type":"Nghỉ dưỡng","departure_date":"2025-06-01","guests":10,"price":"6990000.00","image":"..\/booking_tour\/assets\/image\/five_1.jpg","description":"Khám phá vẻ đẹp hoang sơ của Vịnh Ninh Vân với biển xanh và cát trắng.","created_at":"2025-05-03 22:00:33"}]

Script started at 2025-05-05 00:19:29
Database connected successfully
Raw Params: destination='Nha Trang', tourType='Khám phá', departureDate='2025-05-09', guests='1'
Normalized Params: destination='Nha Trang', tourType='Khám phá', departureDate='2025-05-09', guests='1'
Query Result: []

Script started at 2025-05-05 00:19:38
Database connected successfully
Raw Params: destination='Nha Trang', tourType='Nghỉ dưỡng', departureDate='2025-06-01', guests='10'
Normalized Params: destination='Nha Trang', tourType='Nghỉ dưỡng', departureDate='2025-06-01', guests='10'
Query Result: [{"id":1,"title":"Vịnh Ninh Vân","destination":"Nha Trang","tour_type":"Nghỉ dưỡng","departure_date":"2025-06-01","guests":10,"price":"6990000.00","image":"..\/booking_tour\/assets\/image\/five_1.jpg","description":"Khám phá vẻ đẹp hoang sơ của Vịnh Ninh Vân với biển xanh và cát trắng.","created_at":"2025-05-03 22:00:33"}]

Script started at 2025-05-05 00:21:48
Database connected successfully
Raw Params: destination='Đà Lạt', tourType='Khám phá', departureDate='2025-05-15', guests='15'
Normalized Params: destination='Đà Lạt', tourType='Khám phá', departureDate='2025-05-15', guests='15'
Query Result: [{"id":2,"title":"Bình minh Đà Lạt","destination":"Đà Lạt","tour_type":"Khám phá","departure_date":"2025-05-15","guests":15,"price":"490000.00","image":"..\/booking_tour\/assets\/image\/five-2.jpg","description":"Trải nghiệm săn mây và ngắm bình minh tuyệt đẹp tại Đà Lạt.","created_at":"2025-05-03 22:00:33"}]

Script started at 2025-05-05 00:21:57
Database connected successfully
Raw Params: destination='Nha Trang', tourType='Khám phá', departureDate='2025-05-01', guests='15'
Normalized Params: destination='Nha Trang', tourType='Khám phá', departureDate='2025-05-01', guests='15'
Query Result: []

Script started at 2025-05-05 00:22:20
Database connected successfully
Raw Params: destination='Đà Nẵng', tourType='Văn hóa', departureDate='2025-07-01', guests='20'
Normalized Params: destination='Đà Nẵng', tourType='Văn hóa', departureDate='2025-07-01', guests='20'
Query Result: [{"id":3,"title":"Ba Na Hills","destination":"Đà Nẵng","tour_type":"Văn hóa","departure_date":"2025-07-01","guests":20,"price":"1290000.00","image":"..\/booking_tour\/assets\/image\/five-3.jpg","description":"Tham quan khu du lịch nổi tiếng với cầu Vàng và làng Pháp.","created_at":"2025-05-03 22:00:33"}]

Script started at 2025-05-05 00:22:43
Database connected successfully
Raw Params: destination='Vịnh Hạ Long', tourType='Khám phá', departureDate='2025-06-15', guests='12'
Normalized Params: destination='Vịnh Hạ Long', tourType='Khám phá', departureDate='2025-06-15', guests='12'
Query Result: [{"id":4,"title":"Hang Sửng Sốt","destination":"Vịnh Hạ Long","tour_type":"Khám phá","departure_date":"2025-06-15","guests":12,"price":"1190000.00","image":"..\/booking_tour\/assets\/image\/five-4.jpg","description":"Khám phá hang động tuyệt đẹp tại Vịnh Hạ Long.","created_at":"2025-05-03 22:00:33"}]

Script started at 2025-05-05 00:24:45
Database connected successfully
Raw Params: destination='Hồ Chí Minh', tourType='Văn hóa', departureDate='2025-07-10', guests='8'
Normalized Params: destination='Hồ Chí Minh', tourType='Văn hóa', departureDate='2025-07-10', guests='8'
Query Result: [{"id":5,"title":"Khám phá Sài Gòn","destination":"Hồ Chí Minh","tour_type":"Văn hóa","departure_date":"2025-07-10","guests":8,"price":"0.00","image":"..\/assets\/admin\/image\/saigon.jpg","description":"Trải nghiệm văn hóa và ẩm thực tại thành phố Hồ Chí Minh.","created_at":"2025-05-05 05:24:24"}]

Script started at 2025-05-05 00:25:15
Database connected successfully
Raw Params: destination='Hồ Chí Minh', tourType='Văn hóa', departureDate='2025-07-10', guests='8'
Normalized Params: destination='Hồ Chí Minh', tourType='Văn hóa', departureDate='2025-07-10', guests='8'
Query Result: [{"id":5,"title":"Khám phá Sài Gòn","destination":"Hồ Chí Minh","tour_type":"Văn hóa","departure_date":"2025-07-10","guests":8,"price":"0.00","image":"..\/assets\/admin\/image\/saigon.jpg","description":"Trải nghiệm văn hóa và ẩm thực tại thành phố Hồ Chí Minh.","created_at":"2025-05-05 05:24:24"}]

Script started at 2025-05-05 00:26:35
Database connected successfully
Raw Params: destination='Hồ Chí Minh', tourType='Văn hóa', departureDate='2025-07-10', guests='8'
Normalized Params: destination='Hồ Chí Minh', tourType='Văn hóa', departureDate='2025-07-10', guests='8'
Query Result: [{"id":5,"title":"Khám phá Sài Gòn","destination":"Hồ Chí Minh","tour_type":"Văn hóa","departure_date":"2025-07-10","guests":8,"price":"0.00","image":"..\/booking_tour\/assets\/image\/five-5.jpg","description":"Trải nghiệm văn hóa và ẩm thực tại thành phố Hồ Chí Minh.","created_at":"2025-05-05 05:24:24"}]

Script started at 2025-05-05 00:26:36
Database connected successfully
Raw Params: destination='Hồ Chí Minh', tourType='Văn hóa', departureDate='2025-07-10', guests='8'
Normalized Params: destination='Hồ Chí Minh', tourType='Văn hóa', departureDate='2025-07-10', guests='8'
Query Result: [{"id":5,"title":"Khám phá Sài Gòn","destination":"Hồ Chí Minh","tour_type":"Văn hóa","departure_date":"2025-07-10","guests":8,"price":"0.00","image":"..\/booking_tour\/assets\/image\/five-5.jpg","description":"Trải nghiệm văn hóa và ẩm thực tại thành phố Hồ Chí Minh.","created_at":"2025-05-05 05:24:24"}]

Script started at 2025-05-05 00:26:36
Database connected successfully
Raw Params: destination='Hồ Chí Minh', tourType='Văn hóa', departureDate='2025-07-10', guests='8'
Normalized Params: destination='Hồ Chí Minh', tourType='Văn hóa', departureDate='2025-07-10', guests='8'
Query Result: [{"id":5,"title":"Khám phá Sài Gòn","destination":"Hồ Chí Minh","tour_type":"Văn hóa","departure_date":"2025-07-10","guests":8,"price":"0.00","image":"..\/booking_tour\/assets\/image\/five-5.jpg","description":"Trải nghiệm văn hóa và ẩm thực tại thành phố Hồ Chí Minh.","created_at":"2025-05-05 05:24:24"}]

Script started at 2025-05-05 00:27:27
Database connected successfully
Raw Params: destination='Hồ Chí Minh', tourType='Văn hóa', departureDate='2025-07-25', guests='8'
Normalized Params: destination='Hồ Chí Minh', tourType='Văn hóa', departureDate='2025-07-25', guests='8'
Query Result: []

Script started at 2025-05-05 00:27:36
Database connected successfully
Raw Params: destination='Nha Trang', tourType='Nghỉ dưỡng', departureDate='2025-06-01', guests='10'
Normalized Params: destination='Nha Trang', tourType='Nghỉ dưỡng', departureDate='2025-06-01', guests='10'
Query Result: [{"id":1,"title":"Vịnh Ninh Vân","destination":"Nha Trang","tour_type":"Nghỉ dưỡng","departure_date":"2025-06-01","guests":10,"price":"6990000.00","image":"..\/booking_tour\/assets\/image\/five_1.jpg","description":"Khám phá vẻ đẹp hoang sơ của Vịnh Ninh Vân với biển xanh và cát trắng.","created_at":"2025-05-03 22:00:33"}]

Script started at 2025-05-05 00:28:28
Database connected successfully
Raw Params: destination='Hồ Chí Minh', tourType='Văn hóa', departureDate='2025-07-25', guests='8'
Normalized Params: destination='Hồ Chí Minh', tourType='Văn hóa', departureDate='2025-07-25', guests='8'
Query Result: []

Script started at 2025-05-05 00:31:09
Database connected successfully
Raw Params: destination='Hồ Chí Minh', tourType='Văn hóa', departureDate='2025-07-25', guests='8'
Normalized Params: destination='Hồ Chí Minh', tourType='Văn hóa', departureDate='2025-07-25', guests='8'
Query Result: []

Script started at 2025-05-05 00:31:48
Database connected successfully
Raw Params: destination='Hồ Chí Minh', tourType='Văn hóa', departureDate='2025-07-25', guests='8'
Normalized Params: destination='Hồ Chí Minh', tourType='Văn hóa', departureDate='2025-07-25', guests='8'
Query Result: []

Script started at 2025-05-05 00:32:20
Database connected successfully
Raw Params: destination='Hồ Chí Minh', tourType='Văn hóa', departureDate='2025-07-25', guests='8'
Normalized Params: destination='Hồ Chí Minh', tourType='Văn hóa', departureDate='2025-07-25', guests='8'
Query Result: []

Script started at 2025-05-05 00:34:18
Database connected successfully
Raw Params: destination='Hồ Chí Minh', tourType='Văn hóa', departureDate='2025-07-25', guests='8'
Normalized Params: destination='Hồ Chí Minh', tourType='Văn hóa', departureDate='2025-07-25', guests='8'
Query Result: []

Script started at 2025-05-05 00:34:52
Database connected successfully
Raw Params: destination='Vịnh Hạ Long', tourType='Khám phá', departureDate='2025-06-15', guests='12'
Normalized Params: destination='Vịnh Hạ Long', tourType='Khám phá', departureDate='2025-06-15', guests='12'
Query Result: [{"id":4,"title":"Hang Sửng Sốt","destination":"Vịnh Hạ Long","tour_type":"Khám phá","departure_date":"2025-06-15","guests":12,"price":"1190000.00","image":"..\/booking_tour\/assets\/image\/five-4.jpg","description":"Khám phá hang động tuyệt đẹp tại Vịnh Hạ Long.","created_at":"2025-05-03 22:00:33"}]

Script started at 2025-05-05 00:36:16
Database connected successfully
Raw Params: destination='Hồ Chí Minh', tourType='Văn hóa', departureDate='2025-07-10', guests='8'
Normalized Params: destination='Hồ Chí Minh', tourType='Văn hóa', departureDate='2025-07-10', guests='8'
Query Result: [{"id":5,"title":"Khám phá Sài Gòn","destination":"Hồ Chí Minh","tour_type":"Văn hóa","departure_date":"2025-07-10","guests":8,"price":"2990000.00","image":"..\/booking_tour\/assets\/image\/five-5.jpg","description":"Trải nghiệm văn hóa và ẩm thực tại thành phố Hồ Chí Minh.","created_at":"2025-05-05 05:24:24"}]

Script started at 2025-05-05 01:40:56
